{"C:\\Users\\neeli\\Documents\\React-Course\\src\\components\\Body.js": {"path":"C:\\Users\\neeli\\Documents\\React-Course\\src\\components\\Body.js","statementMap":{"0":{"start":{"line":10,"column":22},"end":{"line":85,"column":3}},"1":{"start":{"line":12,"column":32},"end":{"line":12,"column":44}},"2":{"start":{"line":14,"column":43},"end":{"line":14,"column":55}},"3":{"start":{"line":16,"column":37},"end":{"line":16,"column":49}},"4":{"start":{"line":18,"column":23},"end":{"line":18,"column":40}},"5":{"start":{"line":20,"column":21},"end":{"line":20,"column":48}},"6":{"start":{"line":22,"column":2},"end":{"line":25,"column":7}},"7":{"start":{"line":23,"column":4},"end":{"line":23,"column":15}},"8":{"start":{"line":26,"column":20},"end":{"line":32,"column":3}},"9":{"start":{"line":27,"column":17},"end":{"line":27,"column":168}},"10":{"start":{"line":28,"column":17},"end":{"line":28,"column":34}},"11":{"start":{"line":30,"column":4},"end":{"line":30,"column":90}},"12":{"start":{"line":31,"column":4},"end":{"line":31,"column":96}},"13":{"start":{"line":33,"column":4},"end":{"line":35,"column":5}},"14":{"start":{"line":34,"column":6},"end":{"line":34,"column":74}},"15":{"start":{"line":37,"column":36},"end":{"line":37,"column":59}},"16":{"start":{"line":39,"column":4},"end":{"line":84,"column":6}},"17":{"start":{"line":43,"column":200},"end":{"line":43,"column":229}},"18":{"start":{"line":46,"column":34},"end":{"line":46,"column":125}},"19":{"start":{"line":46,"column":60},"end":{"line":46,"column":124}},"20":{"start":{"line":47,"column":14},"end":{"line":47,"column":43}},"21":{"start":{"line":52,"column":29},"end":{"line":52,"column":82}},"22":{"start":{"line":52,"column":55},"end":{"line":52,"column":81}},"23":{"start":{"line":53,"column":8},"end":{"line":53,"column":38}},"24":{"start":{"line":59,"column":129},"end":{"line":59,"column":156}},"25":{"start":{"line":70,"column":14},"end":{"line":79,"column":22}}},"fnMap":{"0":{"name":"(anonymous_0)","decl":{"start":{"line":10,"column":22},"end":{"line":10,"column":23}},"loc":{"start":{"line":10,"column":28},"end":{"line":85,"column":3}},"line":10},"1":{"name":"(anonymous_1)","decl":{"start":{"line":22,"column":12},"end":{"line":22,"column":13}},"loc":{"start":{"line":22,"column":16},"end":{"line":25,"column":3}},"line":22},"2":{"name":"(anonymous_2)","decl":{"start":{"line":26,"column":20},"end":{"line":26,"column":21}},"loc":{"start":{"line":26,"column":32},"end":{"line":32,"column":3}},"line":26},"3":{"name":"(anonymous_3)","decl":{"start":{"line":43,"column":194},"end":{"line":43,"column":195}},"loc":{"start":{"line":43,"column":199},"end":{"line":44,"column":1}},"line":43},"4":{"name":"(anonymous_4)","decl":{"start":{"line":45,"column":114},"end":{"line":45,"column":115}},"loc":{"start":{"line":45,"column":119},"end":{"line":49,"column":13}},"line":45},"5":{"name":"(anonymous_5)","decl":{"start":{"line":46,"column":50},"end":{"line":46,"column":51}},"loc":{"start":{"line":46,"column":60},"end":{"line":46,"column":124}},"line":46},"6":{"name":"(anonymous_6)","decl":{"start":{"line":51,"column":18},"end":{"line":51,"column":19}},"loc":{"start":{"line":51,"column":23},"end":{"line":54,"column":10}},"line":51},"7":{"name":"(anonymous_7)","decl":{"start":{"line":52,"column":45},"end":{"line":52,"column":46}},"loc":{"start":{"line":52,"column":55},"end":{"line":52,"column":81}},"line":52},"8":{"name":"(anonymous_8)","decl":{"start":{"line":59,"column":122},"end":{"line":59,"column":123}},"loc":{"start":{"line":59,"column":129},"end":{"line":59,"column":156}},"line":59},"9":{"name":"(anonymous_9)","decl":{"start":{"line":69,"column":30},"end":{"line":69,"column":31}},"loc":{"start":{"line":70,"column":14},"end":{"line":79,"column":22}},"line":70}},"branchMap":{"0":{"loc":{"start":{"line":33,"column":4},"end":{"line":35,"column":5}},"type":"if","locations":[{"start":{"line":33,"column":4},"end":{"line":35,"column":5}},{"start":{},"end":{}}],"line":33},"1":{"loc":{"start":{"line":39,"column":11},"end":{"line":84,"column":5}},"type":"cond-expr","locations":[{"start":{"line":39,"column":34},"end":{"line":39,"column":54}},{"start":{"line":40,"column":6},"end":{"line":83,"column":12}}],"line":39},"2":{"loc":{"start":{"line":74,"column":18},"end":{"line":75,"column":106}},"type":"cond-expr","locations":[{"start":{"line":75,"column":46},"end":{"line":75,"column":74}},{"start":{"line":75,"column":79},"end":{"line":75,"column":105}}],"line":74}},"s":{"0":1,"1":7,"2":7,"3":7,"4":7,"5":7,"6":7,"7":2,"8":7,"9":2,"10":2,"11":2,"12":2,"13":7,"14":0,"15":7,"16":7,"17":1,"18":1,"19":8,"20":1,"21":1,"22":8,"23":1,"24":0,"25":25},"f":{"0":7,"1":2,"2":2,"3":1,"4":1,"5":8,"6":1,"7":8,"8":0,"9":25},"b":{"0":[0,7],"1":[2,5],"2":[19,6]},"_coverageSchema":"1a1c01bbd47fc00a2c39e90264f33305004495a9","hash":"42af73032e90045777d4c341b8fd8c7c8e042700"}
,"C:\\Users\\neeli\\Documents\\React-Course\\src\\components\\RestCard.js": {"path":"C:\\Users\\neeli\\Documents\\React-Course\\src\\components\\RestCard.js","statementMap":{"0":{"start":{"line":5,"column":17},"end":{"line":80,"column":1}},"1":{"start":{"line":6,"column":22},"end":{"line":6,"column":27}},"2":{"start":{"line":9,"column":4},"end":{"line":9,"column":17}},"3":{"start":{"line":10,"column":2},"end":{"line":10,"column":23}},"4":{"start":{"line":11,"column":27},"end":{"line":11,"column":50}},"5":{"start":{"line":13,"column":2},"end":{"line":79,"column":4}},"6":{"start":{"line":81,"column":33},"end":{"line":89,"column":1}},"7":{"start":{"line":82,"column":2},"end":{"line":88,"column":4}},"8":{"start":{"line":83,"column":4},"end":{"line":87,"column":6}}},"fnMap":{"0":{"name":"(anonymous_0)","decl":{"start":{"line":5,"column":17},"end":{"line":5,"column":18}},"loc":{"start":{"line":5,"column":28},"end":{"line":80,"column":1}},"line":5},"1":{"name":"(anonymous_1)","decl":{"start":{"line":81,"column":33},"end":{"line":81,"column":34}},"loc":{"start":{"line":81,"column":47},"end":{"line":89,"column":1}},"line":81},"2":{"name":"(anonymous_2)","decl":{"start":{"line":82,"column":9},"end":{"line":82,"column":10}},"loc":{"start":{"line":82,"column":20},"end":{"line":88,"column":3}},"line":82}},"branchMap":{},"s":{"0":2,"1":26,"2":26,"3":26,"4":26,"5":26,"6":2,"7":7,"8":19},"f":{"0":26,"1":7,"2":19},"b":{},"_coverageSchema":"1a1c01bbd47fc00a2c39e90264f33305004495a9","hash":"e4c843e9c3679245f3ad50125b9a1b3992473ca9"}
}
