{"C:\\Users\\neeli\\Documents\\React-Course\\src\\components\\Contact.js": {"path":"C:\\Users\\neeli\\Documents\\React-Course\\src\\components\\Contact.js","statementMap":{"0":{"start":{"line":3,"column":16},"end":{"line":20,"column":1}},"1":{"start":{"line":4,"column":2},"end":{"line":19,"column":3}}},"fnMap":{"0":{"name":"(anonymous_0)","decl":{"start":{"line":3,"column":16},"end":{"line":3,"column":17}},"loc":{"start":{"line":3,"column":22},"end":{"line":20,"column":1}},"line":3}},"branchMap":{},"s":{"0":1,"1":4},"f":{"0":4},"b":{},"_coverageSchema":"1a1c01bbd47fc00a2c39e90264f33305004495a9","hash":"595594b13fdb67ea435cb8f375d19a6a6af83e06"}
,"C:\\Users\\neeli\\Documents\\React-Course\\src\\components\\Header.js": {"path":"C:\\Users\\neeli\\Documents\\React-Course\\src\\components\\Header.js","statementMap":{"0":{"start":{"line":9,"column":22},"end":{"line":50,"column":3}},"1":{"start":{"line":13,"column":18},"end":{"line":13,"column":56}},"2":{"start":{"line":13,"column":39},"end":{"line":13,"column":55}},"3":{"start":{"line":15,"column":30},"end":{"line":15,"column":49}},"4":{"start":{"line":17,"column":21},"end":{"line":17,"column":38}},"5":{"start":{"line":18,"column":23},"end":{"line":18,"column":46}},"6":{"start":{"line":19,"column":0},"end":{"line":19,"column":25}},"7":{"start":{"line":21,"column":4},"end":{"line":49,"column":6}},"8":{"start":{"line":42,"column":4},"end":{"line":42,"column":63}}},"fnMap":{"0":{"name":"(anonymous_0)","decl":{"start":{"line":9,"column":22},"end":{"line":9,"column":23}},"loc":{"start":{"line":9,"column":28},"end":{"line":50,"column":3}},"line":9},"1":{"name":"(anonymous_1)","decl":{"start":{"line":13,"column":30},"end":{"line":13,"column":31}},"loc":{"start":{"line":13,"column":39},"end":{"line":13,"column":55}},"line":13},"2":{"name":"(anonymous_2)","decl":{"start":{"line":41,"column":97},"end":{"line":41,"column":98}},"loc":{"start":{"line":41,"column":101},"end":{"line":43,"column":3}},"line":41}},"branchMap":{"0":{"loc":{"start":{"line":30,"column":76},"end":{"line":30,"column":103}},"type":"cond-expr","locations":[{"start":{"line":30,"column":91},"end":{"line":30,"column":95}},{"start":{"line":30,"column":99},"end":{"line":30,"column":103}}],"line":30},"1":{"loc":{"start":{"line":42,"column":4},"end":{"line":42,"column":63}},"type":"cond-expr","locations":[{"start":{"line":42,"column":23},"end":{"line":42,"column":42}},{"start":{"line":42,"column":43},"end":{"line":42,"column":63}}],"line":42}},"s":{"0":1,"1":5,"2":9,"3":5,"4":5,"5":5,"6":5,"7":5,"8":1},"f":{"0":5,"1":9,"2":1},"b":{"0":[5,0],"1":[0,1]},"_coverageSchema":"1a1c01bbd47fc00a2c39e90264f33305004495a9","hash":"5db54e45ce5ae407ce121a44b16396e327cf31b3"}
,"C:\\Users\\neeli\\Documents\\React-Course\\src\\components\\RestCard.js": {"path":"C:\\Users\\neeli\\Documents\\React-Course\\src\\components\\RestCard.js","statementMap":{"0":{"start":{"line":5,"column":17},"end":{"line":80,"column":1}},"1":{"start":{"line":6,"column":22},"end":{"line":6,"column":27}},"2":{"start":{"line":9,"column":4},"end":{"line":9,"column":17}},"3":{"start":{"line":10,"column":0},"end":{"line":10,"column":20}},"4":{"start":{"line":11,"column":27},"end":{"line":11,"column":50}},"5":{"start":{"line":13,"column":2},"end":{"line":79,"column":4}},"6":{"start":{"line":81,"column":33},"end":{"line":89,"column":1}},"7":{"start":{"line":82,"column":2},"end":{"line":88,"column":4}},"8":{"start":{"line":83,"column":4},"end":{"line":87,"column":6}}},"fnMap":{"0":{"name":"(anonymous_0)","decl":{"start":{"line":5,"column":17},"end":{"line":5,"column":18}},"loc":{"start":{"line":5,"column":28},"end":{"line":80,"column":1}},"line":5},"1":{"name":"(anonymous_1)","decl":{"start":{"line":81,"column":33},"end":{"line":81,"column":34}},"loc":{"start":{"line":81,"column":47},"end":{"line":89,"column":1}},"line":81},"2":{"name":"(anonymous_2)","decl":{"start":{"line":82,"column":9},"end":{"line":82,"column":10}},"loc":{"start":{"line":82,"column":20},"end":{"line":88,"column":3}},"line":82}},"branchMap":{},"s":{"0":1,"1":2,"2":1,"3":1,"4":1,"5":1,"6":1,"7":0,"8":0},"f":{"0":2,"1":0,"2":0},"b":{},"_coverageSchema":"1a1c01bbd47fc00a2c39e90264f33305004495a9","hash":"a9c20aa34d73bdb4d36375b7d08cf5424b7da24a"}
,"C:\\Users\\neeli\\Documents\\React-Course\\src\\components\\sum.js": {"path":"C:\\Users\\neeli\\Documents\\React-Course\\src\\components\\sum.js","statementMap":{"0":{"start":{"line":1,"column":19},"end":{"line":3,"column":1}},"1":{"start":{"line":2,"column":4},"end":{"line":2,"column":14}}},"fnMap":{"0":{"name":"(anonymous_0)","decl":{"start":{"line":1,"column":19},"end":{"line":1,"column":20}},"loc":{"start":{"line":1,"column":26},"end":{"line":3,"column":1}},"line":1}},"branchMap":{},"s":{"0":1,"1":1},"f":{"0":1},"b":{},"_coverageSchema":"1a1c01bbd47fc00a2c39e90264f33305004495a9","hash":"6cf1db50dbcde794a061d9afa918536c232da4bc"}
,"C:\\Users\\neeli\\Documents\\React-Course\\src\\utils\\UserContext.js": {"path":"C:\\Users\\neeli\\Documents\\React-Course\\src\\utils\\UserContext.js","statementMap":{"0":{"start":{"line":3,"column":20},"end":{"line":5,"column":2}}},"fnMap":{},"branchMap":{},"s":{"0":2},"f":{},"b":{},"_coverageSchema":"1a1c01bbd47fc00a2c39e90264f33305004495a9","hash":"bec464e88d7d4d827cd89f1f3574b6f455a83855"}
,"C:\\Users\\neeli\\Documents\\React-Course\\src\\utils\\appStore.js": {"path":"C:\\Users\\neeli\\Documents\\React-Course\\src\\utils\\appStore.js","statementMap":{"0":{"start":{"line":4,"column":17},"end":{"line":9,"column":2}}},"fnMap":{},"branchMap":{},"s":{"0":1},"f":{},"b":{},"_coverageSchema":"1a1c01bbd47fc00a2c39e90264f33305004495a9","hash":"393ba0bfd92507fe7920b9d2bbe8929817217960"}
,"C:\\Users\\neeli\\Documents\\React-Course\\src\\utils\\cartSlice.js": {"path":"C:\\Users\\neeli\\Documents\\React-Course\\src\\utils\\cartSlice.js","statementMap":{"0":{"start":{"line":4,"column":18},"end":{"line":22,"column":2}},"1":{"start":{"line":11,"column":12},"end":{"line":11,"column":44}},"2":{"start":{"line":15,"column":11},"end":{"line":15,"column":28}},"3":{"start":{"line":18,"column":12},"end":{"line":18,"column":32}},"4":{"start":{"line":24,"column":46},"end":{"line":24,"column":63}}},"fnMap":{"0":{"name":"(anonymous_0)","decl":{"start":{"line":10,"column":16},"end":{"line":10,"column":17}},"loc":{"start":{"line":10,"column":32},"end":{"line":13,"column":9}},"line":10},"1":{"name":"(anonymous_1)","decl":{"start":{"line":14,"column":19},"end":{"line":14,"column":20}},"loc":{"start":{"line":14,"column":28},"end":{"line":16,"column":9}},"line":14},"2":{"name":"(anonymous_2)","decl":{"start":{"line":17,"column":18},"end":{"line":17,"column":19}},"loc":{"start":{"line":17,"column":27},"end":{"line":20,"column":9}},"line":17}},"branchMap":{},"s":{"0":1,"1":0,"2":0,"3":0,"4":1},"f":{"0":0,"1":0,"2":0},"b":{},"_coverageSchema":"1a1c01bbd47fc00a2c39e90264f33305004495a9","hash":"4af8e7cc4d5ef2d0cb61e053b535264f73d4bc8b"}
,"C:\\Users\\neeli\\Documents\\React-Course\\src\\utils\\constants.js": {"path":"C:\\Users\\neeli\\Documents\\React-Course\\src\\utils\\constants.js","statementMap":{"0":{"start":{"line":1,"column":25},"end":{"line":1,"column":153}},"1":{"start":{"line":2,"column":24},"end":{"line":2,"column":107}},"2":{"start":{"line":3,"column":23},"end":{"line":3,"column":146}}},"fnMap":{},"branchMap":{},"s":{"0":2,"1":2,"2":2},"f":{},"b":{},"_coverageSchema":"1a1c01bbd47fc00a2c39e90264f33305004495a9","hash":"77974bdf8fc00d815e51b995dc86ef2429b3d4db"}
,"C:\\Users\\neeli\\Documents\\React-Course\\src\\utils\\useOnlineStatus.js": {"path":"C:\\Users\\neeli\\Documents\\React-Course\\src\\utils\\useOnlineStatus.js","statementMap":{"0":{"start":{"line":3,"column":24},"end":{"line":19,"column":1}},"1":{"start":{"line":5,"column":43},"end":{"line":5,"column":57}},"2":{"start":{"line":7,"column":4},"end":{"line":17,"column":9}},"3":{"start":{"line":9,"column":8},"end":{"line":12,"column":10}},"4":{"start":{"line":10,"column":9},"end":{"line":10,"column":30}},"5":{"start":{"line":13,"column":8},"end":{"line":15,"column":10}},"6":{"start":{"line":14,"column":12},"end":{"line":14,"column":34}},"7":{"start":{"line":18,"column":4},"end":{"line":18,"column":23}}},"fnMap":{"0":{"name":"(anonymous_0)","decl":{"start":{"line":3,"column":24},"end":{"line":3,"column":25}},"loc":{"start":{"line":3,"column":30},"end":{"line":19,"column":1}},"line":3},"1":{"name":"(anonymous_1)","decl":{"start":{"line":7,"column":14},"end":{"line":7,"column":15}},"loc":{"start":{"line":7,"column":19},"end":{"line":17,"column":5}},"line":7},"2":{"name":"(anonymous_2)","decl":{"start":{"line":9,"column":41},"end":{"line":9,"column":42}},"loc":{"start":{"line":9,"column":46},"end":{"line":12,"column":9}},"line":9},"3":{"name":"(anonymous_3)","decl":{"start":{"line":13,"column":43},"end":{"line":13,"column":44}},"loc":{"start":{"line":13,"column":48},"end":{"line":15,"column":9}},"line":13}},"branchMap":{},"s":{"0":1,"1":5,"2":5,"3":4,"4":0,"5":4,"6":0,"7":5},"f":{"0":5,"1":4,"2":0,"3":0},"b":{},"_coverageSchema":"1a1c01bbd47fc00a2c39e90264f33305004495a9","hash":"4bceb9301c7c0a2d94f1248d38da41395c263a76"}
}
